Running script script.py with arguments: -workers 1 -sleep 1 -strong 0 -steps 8 -isync 0 -restrict 0 -t 1000 -deps 1 -frac 0 -accesses 1
Saving output to: output/_workers_1__sleep_1__strong_0__steps_8__isync_0__restrict_0__t_1000__deps_1__frac_0__accesses_1.txt
USE_PYTHON_RUNAHEAD:  False
CUPY_ENABLED:  True
CROSSPY_ENABLED:  False
PREINIT_THREADS:  True
DEFAULT SYNC:  SynchronizationType.NONE
workers, n, task_time, accesses, frac, total_time
1, 8, 1000, 1, 0.0, 0.9560082852840424
Running script script.py with arguments: -workers 2 -sleep 1 -strong 0 -steps 8 -isync 0 -restrict 0 -t 1000 -deps 1 -frac 0 -accesses 1
Saving output to: output/_workers_2__sleep_1__strong_0__steps_8__isync_0__restrict_0__t_1000__deps_1__frac_0__accesses_1.txt
USE_PYTHON_RUNAHEAD:  False
CUPY_ENABLED:  True
CROSSPY_ENABLED:  False
PREINIT_THREADS:  True
DEFAULT SYNC:  SynchronizationType.NONE
workers, n, task_time, accesses, frac, total_time
2, 8, 1000, 1, 0.0, 0.49014752823859453
Running script script.py with arguments: -workers 4 -sleep 1 -strong 0 -steps 8 -isync 0 -restrict 0 -t 1000 -deps 1 -frac 0 -accesses 1
Saving output to: output/_workers_4__sleep_1__strong_0__steps_8__isync_0__restrict_0__t_1000__deps_1__frac_0__accesses_1.txt
USE_PYTHON_RUNAHEAD:  False
CUPY_ENABLED:  True
CROSSPY_ENABLED:  False
PREINIT_THREADS:  True
DEFAULT SYNC:  SynchronizationType.NONE
workers, n, task_time, accesses, frac, total_time
4, 8, 1000, 1, 0.0, 0.25873285066336393
Running script script.py with arguments: -workers 8 -sleep 1 -strong 0 -steps 8 -isync 0 -restrict 0 -t 1000 -deps 1 -frac 0 -accesses 1
Saving output to: output/_workers_8__sleep_1__strong_0__steps_8__isync_0__restrict_0__t_1000__deps_1__frac_0__accesses_1.txt
USE_PYTHON_RUNAHEAD:  False
CUPY_ENABLED:  True
CROSSPY_ENABLED:  False
PREINIT_THREADS:  True
DEFAULT SYNC:  SynchronizationType.NONE
workers, n, task_time, accesses, frac, total_time
8, 8, 1000, 1, 0.0, 0.1500807572156191
Running script script.py with arguments: -workers 15 -sleep 1 -strong 0 -steps 8 -isync 0 -restrict 0 -t 1000 -deps 1 -frac 0 -accesses 1
Saving output to: output/_workers_15__sleep_1__strong_0__steps_8__isync_0__restrict_0__t_1000__deps_1__frac_0__accesses_1.txt
USE_PYTHON_RUNAHEAD:  False
CUPY_ENABLED:  True
CROSSPY_ENABLED:  False
PREINIT_THREADS:  True
DEFAULT SYNC:  SynchronizationType.NONE
workers, n, task_time, accesses, frac, total_time
15, 8, 1000, 1, 0.0, 0.14815098699182272
Running script script.py with arguments: -workers 1 -sleep 1 -strong 0 -steps 8 -isync 0 -restrict 0 -t 2000 -deps 1 -frac 0 -accesses 1
Saving output to: output/_workers_1__sleep_1__strong_0__steps_8__isync_0__restrict_0__t_2000__deps_1__frac_0__accesses_1.txt
USE_PYTHON_RUNAHEAD:  False
CUPY_ENABLED:  True
CROSSPY_ENABLED:  False
PREINIT_THREADS:  True
DEFAULT SYNC:  SynchronizationType.NONE
workers, n, task_time, accesses, frac, total_time
1, 8, 2000, 1, 0.0, 1.7065222905948758
Running script script.py with arguments: -workers 2 -sleep 1 -strong 0 -steps 8 -isync 0 -restrict 0 -t 2000 -deps 1 -frac 0 -accesses 1
Saving output to: output/_workers_2__sleep_1__strong_0__steps_8__isync_0__restrict_0__t_2000__deps_1__frac_0__accesses_1.txt
USE_PYTHON_RUNAHEAD:  False
CUPY_ENABLED:  True
CROSSPY_ENABLED:  False
PREINIT_THREADS:  True
DEFAULT SYNC:  SynchronizationType.NONE
workers, n, task_time, accesses, frac, total_time
2, 8, 2000, 1, 0.0, 0.8626008639112115
Running script script.py with arguments: -workers 4 -sleep 1 -strong 0 -steps 8 -isync 0 -restrict 0 -t 2000 -deps 1 -frac 0 -accesses 1
Saving output to: output/_workers_4__sleep_1__strong_0__steps_8__isync_0__restrict_0__t_2000__deps_1__frac_0__accesses_1.txt
USE_PYTHON_RUNAHEAD:  False
CUPY_ENABLED:  True
CROSSPY_ENABLED:  False
PREINIT_THREADS:  True
DEFAULT SYNC:  SynchronizationType.NONE
workers, n, task_time, accesses, frac, total_time
4, 8, 2000, 1, 0.0, 0.45117422472685575
Running script script.py with arguments: -workers 8 -sleep 1 -strong 0 -steps 8 -isync 0 -restrict 0 -t 2000 -deps 1 -frac 0 -accesses 1
Saving output to: output/_workers_8__sleep_1__strong_0__steps_8__isync_0__restrict_0__t_2000__deps_1__frac_0__accesses_1.txt
USE_PYTHON_RUNAHEAD:  False
CUPY_ENABLED:  True
CROSSPY_ENABLED:  False
PREINIT_THREADS:  True
DEFAULT SYNC:  SynchronizationType.NONE
workers, n, task_time, accesses, frac, total_time
8, 8, 2000, 1, 0.0, 0.24334400054067373
Running script script.py with arguments: -workers 15 -sleep 1 -strong 0 -steps 8 -isync 0 -restrict 0 -t 2000 -deps 1 -frac 0 -accesses 1
Saving output to: output/_workers_15__sleep_1__strong_0__steps_8__isync_0__restrict_0__t_2000__deps_1__frac_0__accesses_1.txt
USE_PYTHON_RUNAHEAD:  False
CUPY_ENABLED:  True
CROSSPY_ENABLED:  False
PREINIT_THREADS:  True
DEFAULT SYNC:  SynchronizationType.NONE
workers, n, task_time, accesses, frac, total_time
15, 8, 2000, 1, 0.0, 0.15451358817517757
Running script script.py with arguments: -workers 1 -sleep 1 -strong 0 -steps 8 -isync 0 -restrict 0 -t 4000 -deps 1 -frac 0 -accesses 1
Saving output to: output/_workers_1__sleep_1__strong_0__steps_8__isync_0__restrict_0__t_4000__deps_1__frac_0__accesses_1.txt
USE_PYTHON_RUNAHEAD:  False
CUPY_ENABLED:  True
CROSSPY_ENABLED:  False
PREINIT_THREADS:  True
DEFAULT SYNC:  SynchronizationType.NONE
workers, n, task_time, accesses, frac, total_time
1, 8, 4000, 1, 0.0, 3.268697679042816
Running script script.py with arguments: -workers 2 -sleep 1 -strong 0 -steps 8 -isync 0 -restrict 0 -t 4000 -deps 1 -frac 0 -accesses 1
Saving output to: output/_workers_2__sleep_1__strong_0__steps_8__isync_0__restrict_0__t_4000__deps_1__frac_0__accesses_1.txt
USE_PYTHON_RUNAHEAD:  False
CUPY_ENABLED:  True
CROSSPY_ENABLED:  False
PREINIT_THREADS:  True
DEFAULT SYNC:  SynchronizationType.NONE
workers, n, task_time, accesses, frac, total_time
2, 8, 4000, 1, 0.0, 1.6387849980965257
Running script script.py with arguments: -workers 4 -sleep 1 -strong 0 -steps 8 -isync 0 -restrict 0 -t 4000 -deps 1 -frac 0 -accesses 1
Saving output to: output/_workers_4__sleep_1__strong_0__steps_8__isync_0__restrict_0__t_4000__deps_1__frac_0__accesses_1.txt
USE_PYTHON_RUNAHEAD:  False
CUPY_ENABLED:  True
CROSSPY_ENABLED:  False
PREINIT_THREADS:  True
DEFAULT SYNC:  SynchronizationType.NONE
workers, n, task_time, accesses, frac, total_time
4, 8, 4000, 1, 0.0, 0.8372190557420254
Running script script.py with arguments: -workers 8 -sleep 1 -strong 0 -steps 8 -isync 0 -restrict 0 -t 4000 -deps 1 -frac 0 -accesses 1
Saving output to: output/_workers_8__sleep_1__strong_0__steps_8__isync_0__restrict_0__t_4000__deps_1__frac_0__accesses_1.txt
USE_PYTHON_RUNAHEAD:  False
CUPY_ENABLED:  True
CROSSPY_ENABLED:  False
PREINIT_THREADS:  True
DEFAULT SYNC:  SynchronizationType.NONE
workers, n, task_time, accesses, frac, total_time
8, 8, 4000, 1, 0.0, 0.4327811738476157
Running script script.py with arguments: -workers 15 -sleep 1 -strong 0 -steps 8 -isync 0 -restrict 0 -t 4000 -deps 1 -frac 0 -accesses 1
Saving output to: output/_workers_15__sleep_1__strong_0__steps_8__isync_0__restrict_0__t_4000__deps_1__frac_0__accesses_1.txt
USE_PYTHON_RUNAHEAD:  False
CUPY_ENABLED:  True
CROSSPY_ENABLED:  False
PREINIT_THREADS:  True
DEFAULT SYNC:  SynchronizationType.NONE
workers, n, task_time, accesses, frac, total_time
15, 8, 4000, 1, 0.0, 0.24735533352941275
Running script script.py with arguments: -workers 1 -sleep 1 -strong 0 -steps 8 -isync 0 -restrict 0 -t 8000 -deps 1 -frac 0 -accesses 1
Saving output to: output/_workers_1__sleep_1__strong_0__steps_8__isync_0__restrict_0__t_8000__deps_1__frac_0__accesses_1.txt
USE_PYTHON_RUNAHEAD:  False
CUPY_ENABLED:  True
CROSSPY_ENABLED:  False
PREINIT_THREADS:  True
DEFAULT SYNC:  SynchronizationType.NONE
workers, n, task_time, accesses, frac, total_time
1, 8, 8000, 1, 0.0, 6.308919578790665
Running script script.py with arguments: -workers 2 -sleep 1 -strong 0 -steps 8 -isync 0 -restrict 0 -t 8000 -deps 1 -frac 0 -accesses 1
Saving output to: output/_workers_2__sleep_1__strong_0__steps_8__isync_0__restrict_0__t_8000__deps_1__frac_0__accesses_1.txt
USE_PYTHON_RUNAHEAD:  False
CUPY_ENABLED:  True
CROSSPY_ENABLED:  False
PREINIT_THREADS:  True
DEFAULT SYNC:  SynchronizationType.NONE
workers, n, task_time, accesses, frac, total_time
2, 8, 8000, 1, 0.0, 3.1647506952285767
Running script script.py with arguments: -workers 4 -sleep 1 -strong 0 -steps 8 -isync 0 -restrict 0 -t 8000 -deps 1 -frac 0 -accesses 1
Saving output to: output/_workers_4__sleep_1__strong_0__steps_8__isync_0__restrict_0__t_8000__deps_1__frac_0__accesses_1.txt
USE_PYTHON_RUNAHEAD:  False
CUPY_ENABLED:  True
CROSSPY_ENABLED:  False
PREINIT_THREADS:  True
DEFAULT SYNC:  SynchronizationType.NONE
workers, n, task_time, accesses, frac, total_time
4, 8, 8000, 1, 0.0, 1.5987807223573327
Running script script.py with arguments: -workers 8 -sleep 1 -strong 0 -steps 8 -isync 0 -restrict 0 -t 8000 -deps 1 -frac 0 -accesses 1
Saving output to: output/_workers_8__sleep_1__strong_0__steps_8__isync_0__restrict_0__t_8000__deps_1__frac_0__accesses_1.txt
USE_PYTHON_RUNAHEAD:  False
CUPY_ENABLED:  True
CROSSPY_ENABLED:  False
PREINIT_THREADS:  True
DEFAULT SYNC:  SynchronizationType.NONE
workers, n, task_time, accesses, frac, total_time
8, 8, 8000, 1, 0.0, 0.8170151589438319
Running script script.py with arguments: -workers 15 -sleep 1 -strong 0 -steps 8 -isync 0 -restrict 0 -t 8000 -deps 1 -frac 0 -accesses 1
Saving output to: output/_workers_15__sleep_1__strong_0__steps_8__isync_0__restrict_0__t_8000__deps_1__frac_0__accesses_1.txt
USE_PYTHON_RUNAHEAD:  False
CUPY_ENABLED:  True
CROSSPY_ENABLED:  False
PREINIT_THREADS:  True
DEFAULT SYNC:  SynchronizationType.NONE
workers, n, task_time, accesses, frac, total_time
15, 8, 8000, 1, 0.0, 0.45183860417455435
Running script script.py with arguments: -workers 1 -sleep 1 -strong 0 -steps 8 -isync 0 -restrict 0 -t 16000 -deps 1 -frac 0 -accesses 1
Saving output to: output/_workers_1__sleep_1__strong_0__steps_8__isync_0__restrict_0__t_16000__deps_1__frac_0__accesses_1.txt
USE_PYTHON_RUNAHEAD:  False
CUPY_ENABLED:  True
CROSSPY_ENABLED:  False
PREINIT_THREADS:  True
DEFAULT SYNC:  SynchronizationType.NONE
workers, n, task_time, accesses, frac, total_time
1, 8, 16000, 1, 0.0, 12.457571795210242
Running script script.py with arguments: -workers 2 -sleep 1 -strong 0 -steps 8 -isync 0 -restrict 0 -t 16000 -deps 1 -frac 0 -accesses 1
Saving output to: output/_workers_2__sleep_1__strong_0__steps_8__isync_0__restrict_0__t_16000__deps_1__frac_0__accesses_1.txt
USE_PYTHON_RUNAHEAD:  False
CUPY_ENABLED:  True
CROSSPY_ENABLED:  False
PREINIT_THREADS:  True
DEFAULT SYNC:  SynchronizationType.NONE
workers, n, task_time, accesses, frac, total_time
2, 8, 16000, 1, 0.0, 6.224958008155227
Running script script.py with arguments: -workers 4 -sleep 1 -strong 0 -steps 8 -isync 0 -restrict 0 -t 16000 -deps 1 -frac 0 -accesses 1
Saving output to: output/_workers_4__sleep_1__strong_0__steps_8__isync_0__restrict_0__t_16000__deps_1__frac_0__accesses_1.txt
USE_PYTHON_RUNAHEAD:  False
CUPY_ENABLED:  True
CROSSPY_ENABLED:  False
PREINIT_THREADS:  True
DEFAULT SYNC:  SynchronizationType.NONE
workers, n, task_time, accesses, frac, total_time
4, 8, 16000, 1, 0.0, 3.13356227055192
Running script script.py with arguments: -workers 8 -sleep 1 -strong 0 -steps 8 -isync 0 -restrict 0 -t 16000 -deps 1 -frac 0 -accesses 1
Saving output to: output/_workers_8__sleep_1__strong_0__steps_8__isync_0__restrict_0__t_16000__deps_1__frac_0__accesses_1.txt
USE_PYTHON_RUNAHEAD:  False
CUPY_ENABLED:  True
CROSSPY_ENABLED:  False
PREINIT_THREADS:  True
DEFAULT SYNC:  SynchronizationType.NONE
workers, n, task_time, accesses, frac, total_time
8, 8, 16000, 1, 0.0, 1.5901553882285953
Running script script.py with arguments: -workers 15 -sleep 1 -strong 0 -steps 8 -isync 0 -restrict 0 -t 16000 -deps 1 -frac 0 -accesses 1
Saving output to: output/_workers_15__sleep_1__strong_0__steps_8__isync_0__restrict_0__t_16000__deps_1__frac_0__accesses_1.txt
USE_PYTHON_RUNAHEAD:  False
CUPY_ENABLED:  True
CROSSPY_ENABLED:  False
PREINIT_THREADS:  True
DEFAULT SYNC:  SynchronizationType.NONE
workers, n, task_time, accesses, frac, total_time
15, 8, 16000, 1, 0.0, 0.8654970694333315
Running script script.py with arguments: -workers 1 -sleep 1 -strong 0 -steps 8 -isync 0 -restrict 0 -t 32000 -deps 1 -frac 0 -accesses 1
Saving output to: output/_workers_1__sleep_1__strong_0__steps_8__isync_0__restrict_0__t_32000__deps_1__frac_0__accesses_1.txt
USE_PYTHON_RUNAHEAD:  False
CUPY_ENABLED:  True
CROSSPY_ENABLED:  False
PREINIT_THREADS:  True
DEFAULT SYNC:  SynchronizationType.NONE
workers, n, task_time, accesses, frac, total_time
1, 8, 32000, 1, 0.0, 24.66281235124916
Running script script.py with arguments: -workers 2 -sleep 1 -strong 0 -steps 8 -isync 0 -restrict 0 -t 32000 -deps 1 -frac 0 -accesses 1
Saving output to: output/_workers_2__sleep_1__strong_0__steps_8__isync_0__restrict_0__t_32000__deps_1__frac_0__accesses_1.txt
USE_PYTHON_RUNAHEAD:  False
CUPY_ENABLED:  True
CROSSPY_ENABLED:  False
PREINIT_THREADS:  True
DEFAULT SYNC:  SynchronizationType.NONE
workers, n, task_time, accesses, frac, total_time
2, 8, 32000, 1, 0.0, 12.367527379654348
Running script script.py with arguments: -workers 4 -sleep 1 -strong 0 -steps 8 -isync 0 -restrict 0 -t 32000 -deps 1 -frac 0 -accesses 1
Saving output to: output/_workers_4__sleep_1__strong_0__steps_8__isync_0__restrict_0__t_32000__deps_1__frac_0__accesses_1.txt
USE_PYTHON_RUNAHEAD:  False
CUPY_ENABLED:  True
CROSSPY_ENABLED:  False
PREINIT_THREADS:  True
DEFAULT SYNC:  SynchronizationType.NONE
workers, n, task_time, accesses, frac, total_time
4, 8, 32000, 1, 0.0, 6.205397609621286
Running script script.py with arguments: -workers 8 -sleep 1 -strong 0 -steps 8 -isync 0 -restrict 0 -t 32000 -deps 1 -frac 0 -accesses 1
Saving output to: output/_workers_8__sleep_1__strong_0__steps_8__isync_0__restrict_0__t_32000__deps_1__frac_0__accesses_1.txt
USE_PYTHON_RUNAHEAD:  False
CUPY_ENABLED:  True
CROSSPY_ENABLED:  False
PREINIT_THREADS:  True
DEFAULT SYNC:  SynchronizationType.NONE
workers, n, task_time, accesses, frac, total_time
8, 8, 32000, 1, 0.0, 3.126706368289888
Running script script.py with arguments: -workers 15 -sleep 1 -strong 0 -steps 8 -isync 0 -restrict 0 -t 32000 -deps 1 -frac 0 -accesses 1
Saving output to: output/_workers_15__sleep_1__strong_0__steps_8__isync_0__restrict_0__t_32000__deps_1__frac_0__accesses_1.txt
USE_PYTHON_RUNAHEAD:  False
CUPY_ENABLED:  True
CROSSPY_ENABLED:  False
PREINIT_THREADS:  True
DEFAULT SYNC:  SynchronizationType.NONE
workers, n, task_time, accesses, frac, total_time
15, 8, 32000, 1, 0.0, 1.7009469037875533
Running script script.py with arguments: -workers 1 -sleep 1 -strong 0 -steps 8 -isync 0 -restrict 0 -t 64000 -deps 1 -frac 0 -accesses 1
Saving output to: output/_workers_1__sleep_1__strong_0__steps_8__isync_0__restrict_0__t_64000__deps_1__frac_0__accesses_1.txt
USE_PYTHON_RUNAHEAD:  False
CUPY_ENABLED:  True
CROSSPY_ENABLED:  False
PREINIT_THREADS:  True
DEFAULT SYNC:  SynchronizationType.NONE
workers, n, task_time, accesses, frac, total_time
1, 8, 64000, 1, 0.0, 49.232135424390435
Running script script.py with arguments: -workers 2 -sleep 1 -strong 0 -steps 8 -isync 0 -restrict 0 -t 64000 -deps 1 -frac 0 -accesses 1
Saving output to: output/_workers_2__sleep_1__strong_0__steps_8__isync_0__restrict_0__t_64000__deps_1__frac_0__accesses_1.txt
USE_PYTHON_RUNAHEAD:  False
CUPY_ENABLED:  True
CROSSPY_ENABLED:  False
PREINIT_THREADS:  True
DEFAULT SYNC:  SynchronizationType.NONE
workers, n, task_time, accesses, frac, total_time
2, 8, 64000, 1, 0.0, 24.609956389293075
Running script script.py with arguments: -workers 4 -sleep 1 -strong 0 -steps 8 -isync 0 -restrict 0 -t 64000 -deps 1 -frac 0 -accesses 1
Saving output to: output/_workers_4__sleep_1__strong_0__steps_8__isync_0__restrict_0__t_64000__deps_1__frac_0__accesses_1.txt
USE_PYTHON_RUNAHEAD:  False
CUPY_ENABLED:  True
CROSSPY_ENABLED:  False
PREINIT_THREADS:  True
DEFAULT SYNC:  SynchronizationType.NONE
workers, n, task_time, accesses, frac, total_time
4, 8, 64000, 1, 0.0, 12.363461321219802
Running script script.py with arguments: -workers 8 -sleep 1 -strong 0 -steps 8 -isync 0 -restrict 0 -t 64000 -deps 1 -frac 0 -accesses 1
Saving output to: output/_workers_8__sleep_1__strong_0__steps_8__isync_0__restrict_0__t_64000__deps_1__frac_0__accesses_1.txt
USE_PYTHON_RUNAHEAD:  False
CUPY_ENABLED:  True
CROSSPY_ENABLED:  False
PREINIT_THREADS:  True
DEFAULT SYNC:  SynchronizationType.NONE
workers, n, task_time, accesses, frac, total_time
8, 8, 64000, 1, 0.0, 6.1911573791876435
Running script script.py with arguments: -workers 15 -sleep 1 -strong 0 -steps 8 -isync 0 -restrict 0 -t 64000 -deps 1 -frac 0 -accesses 1
Saving output to: output/_workers_15__sleep_1__strong_0__steps_8__isync_0__restrict_0__t_64000__deps_1__frac_0__accesses_1.txt
USE_PYTHON_RUNAHEAD:  False
CUPY_ENABLED:  True
CROSSPY_ENABLED:  False
PREINIT_THREADS:  True
DEFAULT SYNC:  SynchronizationType.NONE
workers, n, task_time, accesses, frac, total_time
15, 8, 64000, 1, 0.0, 3.3671674141660333
Running script script.py with arguments: -workers 1 -sleep 1 -strong 0 -steps 8 -isync 0 -restrict 0 -t 1000 -deps 1 -frac 0 -accesses 5
Saving output to: output/_workers_1__sleep_1__strong_0__steps_8__isync_0__restrict_0__t_1000__deps_1__frac_0__accesses_5.txt
USE_PYTHON_RUNAHEAD:  False
CUPY_ENABLED:  True
CROSSPY_ENABLED:  False
PREINIT_THREADS:  True
DEFAULT SYNC:  SynchronizationType.NONE
workers, n, task_time, accesses, frac, total_time
1, 8, 1000, 5, 0.0, 0.9634969979524612
Running script script.py with arguments: -workers 2 -sleep 1 -strong 0 -steps 8 -isync 0 -restrict 0 -t 1000 -deps 1 -frac 0 -accesses 5
Saving output to: output/_workers_2__sleep_1__strong_0__steps_8__isync_0__restrict_0__t_1000__deps_1__frac_0__accesses_5.txt
USE_PYTHON_RUNAHEAD:  False
CUPY_ENABLED:  True
CROSSPY_ENABLED:  False
PREINIT_THREADS:  True
DEFAULT SYNC:  SynchronizationType.NONE
workers, n, task_time, accesses, frac, total_time
2, 8, 1000, 5, 0.0, 0.49552730843424797
Running script script.py with arguments: -workers 4 -sleep 1 -strong 0 -steps 8 -isync 0 -restrict 0 -t 1000 -deps 1 -frac 0 -accesses 5
Saving output to: output/_workers_4__sleep_1__strong_0__steps_8__isync_0__restrict_0__t_1000__deps_1__frac_0__accesses_5.txt
USE_PYTHON_RUNAHEAD:  False
CUPY_ENABLED:  True
CROSSPY_ENABLED:  False
PREINIT_THREADS:  True
DEFAULT SYNC:  SynchronizationType.NONE
workers, n, task_time, accesses, frac, total_time
4, 8, 1000, 5, 0.0, 0.27399337012320757
Running script script.py with arguments: -workers 8 -sleep 1 -strong 0 -steps 8 -isync 0 -restrict 0 -t 1000 -deps 1 -frac 0 -accesses 5
Saving output to: output/_workers_8__sleep_1__strong_0__steps_8__isync_0__restrict_0__t_1000__deps_1__frac_0__accesses_5.txt
USE_PYTHON_RUNAHEAD:  False
CUPY_ENABLED:  True
CROSSPY_ENABLED:  False
PREINIT_THREADS:  True
DEFAULT SYNC:  SynchronizationType.NONE
workers, n, task_time, accesses, frac, total_time
8, 8, 1000, 5, 0.0, 0.17666858155280352
Running script script.py with arguments: -workers 15 -sleep 1 -strong 0 -steps 8 -isync 0 -restrict 0 -t 1000 -deps 1 -frac 0 -accesses 5
Saving output to: output/_workers_15__sleep_1__strong_0__steps_8__isync_0__restrict_0__t_1000__deps_1__frac_0__accesses_5.txt
USE_PYTHON_RUNAHEAD:  False
CUPY_ENABLED:  True
CROSSPY_ENABLED:  False
PREINIT_THREADS:  True
DEFAULT SYNC:  SynchronizationType.NONE
workers, n, task_time, accesses, frac, total_time
15, 8, 1000, 5, 0.0, 0.1870781658217311
Running script script.py with arguments: -workers 1 -sleep 1 -strong 0 -steps 8 -isync 0 -restrict 0 -t 2000 -deps 1 -frac 0 -accesses 5
Saving output to: output/_workers_1__sleep_1__strong_0__steps_8__isync_0__restrict_0__t_2000__deps_1__frac_0__accesses_5.txt
USE_PYTHON_RUNAHEAD:  False
CUPY_ENABLED:  True
CROSSPY_ENABLED:  False
PREINIT_THREADS:  True
DEFAULT SYNC:  SynchronizationType.NONE
workers, n, task_time, accesses, frac, total_time
1, 8, 2000, 5, 0.0, 1.7252694517374039
Running script script.py with arguments: -workers 2 -sleep 1 -strong 0 -steps 8 -isync 0 -restrict 0 -t 2000 -deps 1 -frac 0 -accesses 5
Saving output to: output/_workers_2__sleep_1__strong_0__steps_8__isync_0__restrict_0__t_2000__deps_1__frac_0__accesses_5.txt
USE_PYTHON_RUNAHEAD:  False
CUPY_ENABLED:  True
CROSSPY_ENABLED:  False
PREINIT_THREADS:  True
DEFAULT SYNC:  SynchronizationType.NONE
workers, n, task_time, accesses, frac, total_time
2, 8, 2000, 5, 0.0, 0.8726437566801906
Running script script.py with arguments: -workers 4 -sleep 1 -strong 0 -steps 8 -isync 0 -restrict 0 -t 2000 -deps 1 -frac 0 -accesses 5
Saving output to: output/_workers_4__sleep_1__strong_0__steps_8__isync_0__restrict_0__t_2000__deps_1__frac_0__accesses_5.txt
USE_PYTHON_RUNAHEAD:  False
CUPY_ENABLED:  True
CROSSPY_ENABLED:  False
PREINIT_THREADS:  True
DEFAULT SYNC:  SynchronizationType.NONE
workers, n, task_time, accesses, frac, total_time
4, 8, 2000, 5, 0.0, 0.4577032420784235
Running script script.py with arguments: -workers 8 -sleep 1 -strong 0 -steps 8 -isync 0 -restrict 0 -t 2000 -deps 1 -frac 0 -accesses 5
Saving output to: output/_workers_8__sleep_1__strong_0__steps_8__isync_0__restrict_0__t_2000__deps_1__frac_0__accesses_5.txt
USE_PYTHON_RUNAHEAD:  False
CUPY_ENABLED:  True
CROSSPY_ENABLED:  False
PREINIT_THREADS:  True
DEFAULT SYNC:  SynchronizationType.NONE
workers, n, task_time, accesses, frac, total_time
8, 8, 2000, 5, 0.0, 0.2494837623089552
Running script script.py with arguments: -workers 15 -sleep 1 -strong 0 -steps 8 -isync 0 -restrict 0 -t 2000 -deps 1 -frac 0 -accesses 5
Saving output to: output/_workers_15__sleep_1__strong_0__steps_8__isync_0__restrict_0__t_2000__deps_1__frac_0__accesses_5.txt
USE_PYTHON_RUNAHEAD:  False
CUPY_ENABLED:  True
CROSSPY_ENABLED:  False
PREINIT_THREADS:  True
DEFAULT SYNC:  SynchronizationType.NONE
workers, n, task_time, accesses, frac, total_time
15, 8, 2000, 5, 0.0, 0.18340036924928427
Running script script.py with arguments: -workers 1 -sleep 1 -strong 0 -steps 8 -isync 0 -restrict 0 -t 4000 -deps 1 -frac 0 -accesses 5
Saving output to: output/_workers_1__sleep_1__strong_0__steps_8__isync_0__restrict_0__t_4000__deps_1__frac_0__accesses_5.txt
USE_PYTHON_RUNAHEAD:  False
CUPY_ENABLED:  True
CROSSPY_ENABLED:  False
PREINIT_THREADS:  True
DEFAULT SYNC:  SynchronizationType.NONE
workers, n, task_time, accesses, frac, total_time
1, 8, 4000, 5, 0.0, 3.2648505829274654
Running script script.py with arguments: -workers 2 -sleep 1 -strong 0 -steps 8 -isync 0 -restrict 0 -t 4000 -deps 1 -frac 0 -accesses 5
Saving output to: output/_workers_2__sleep_1__strong_0__steps_8__isync_0__restrict_0__t_4000__deps_1__frac_0__accesses_5.txt
USE_PYTHON_RUNAHEAD:  False
CUPY_ENABLED:  True
CROSSPY_ENABLED:  False
PREINIT_THREADS:  True
DEFAULT SYNC:  SynchronizationType.NONE
workers, n, task_time, accesses, frac, total_time
2, 8, 4000, 5, 0.0, 1.6329816104844213
Running script script.py with arguments: -workers 4 -sleep 1 -strong 0 -steps 8 -isync 0 -restrict 0 -t 4000 -deps 1 -frac 0 -accesses 5
Saving output to: output/_workers_4__sleep_1__strong_0__steps_8__isync_0__restrict_0__t_4000__deps_1__frac_0__accesses_5.txt
USE_PYTHON_RUNAHEAD:  False
CUPY_ENABLED:  True
CROSSPY_ENABLED:  False
PREINIT_THREADS:  True
DEFAULT SYNC:  SynchronizationType.NONE
workers, n, task_time, accesses, frac, total_time
4, 8, 4000, 5, 0.0, 0.8429025048390031
Running script script.py with arguments: -workers 8 -sleep 1 -strong 0 -steps 8 -isync 0 -restrict 0 -t 4000 -deps 1 -frac 0 -accesses 5
Saving output to: output/_workers_8__sleep_1__strong_0__steps_8__isync_0__restrict_0__t_4000__deps_1__frac_0__accesses_5.txt
USE_PYTHON_RUNAHEAD:  False
CUPY_ENABLED:  True
CROSSPY_ENABLED:  False
PREINIT_THREADS:  True
DEFAULT SYNC:  SynchronizationType.NONE
workers, n, task_time, accesses, frac, total_time
8, 8, 4000, 5, 0.0, 0.4351308951154351
Running script script.py with arguments: -workers 15 -sleep 1 -strong 0 -steps 8 -isync 0 -restrict 0 -t 4000 -deps 1 -frac 0 -accesses 5
Saving output to: output/_workers_15__sleep_1__strong_0__steps_8__isync_0__restrict_0__t_4000__deps_1__frac_0__accesses_5.txt
USE_PYTHON_RUNAHEAD:  False
CUPY_ENABLED:  True
CROSSPY_ENABLED:  False
PREINIT_THREADS:  True
DEFAULT SYNC:  SynchronizationType.NONE
workers, n, task_time, accesses, frac, total_time
15, 8, 4000, 5, 0.0, 0.2547712028026581
Running script script.py with arguments: -workers 1 -sleep 1 -strong 0 -steps 8 -isync 0 -restrict 0 -t 8000 -deps 1 -frac 0 -accesses 5
Saving output to: output/_workers_1__sleep_1__strong_0__steps_8__isync_0__restrict_0__t_8000__deps_1__frac_0__accesses_5.txt
USE_PYTHON_RUNAHEAD:  False
CUPY_ENABLED:  True
CROSSPY_ENABLED:  False
PREINIT_THREADS:  True
DEFAULT SYNC:  SynchronizationType.NONE
workers, n, task_time, accesses, frac, total_time
1, 8, 8000, 5, 0.0, 6.327516102232039
Running script script.py with arguments: -workers 2 -sleep 1 -strong 0 -steps 8 -isync 0 -restrict 0 -t 8000 -deps 1 -frac 0 -accesses 5
Saving output to: output/_workers_2__sleep_1__strong_0__steps_8__isync_0__restrict_0__t_8000__deps_1__frac_0__accesses_5.txt
USE_PYTHON_RUNAHEAD:  False
CUPY_ENABLED:  True
CROSSPY_ENABLED:  False
PREINIT_THREADS:  True
DEFAULT SYNC:  SynchronizationType.NONE
workers, n, task_time, accesses, frac, total_time
2, 8, 8000, 5, 0.0, 3.1798047916963696
Running script script.py with arguments: -workers 4 -sleep 1 -strong 0 -steps 8 -isync 0 -restrict 0 -t 8000 -deps 1 -frac 0 -accesses 5
Saving output to: output/_workers_4__sleep_1__strong_0__steps_8__isync_0__restrict_0__t_8000__deps_1__frac_0__accesses_5.txt
USE_PYTHON_RUNAHEAD:  False
CUPY_ENABLED:  True
CROSSPY_ENABLED:  False
PREINIT_THREADS:  True
DEFAULT SYNC:  SynchronizationType.NONE
workers, n, task_time, accesses, frac, total_time
4, 8, 8000, 5, 0.0, 1.6041735904291272
Running script script.py with arguments: -workers 8 -sleep 1 -strong 0 -steps 8 -isync 0 -restrict 0 -t 8000 -deps 1 -frac 0 -accesses 5
Saving output to: output/_workers_8__sleep_1__strong_0__steps_8__isync_0__restrict_0__t_8000__deps_1__frac_0__accesses_5.txt
USE_PYTHON_RUNAHEAD:  False
CUPY_ENABLED:  True
CROSSPY_ENABLED:  False
PREINIT_THREADS:  True
DEFAULT SYNC:  SynchronizationType.NONE
workers, n, task_time, accesses, frac, total_time
8, 8, 8000, 5, 0.0, 0.8175771748647094
Running script script.py with arguments: -workers 15 -sleep 1 -strong 0 -steps 8 -isync 0 -restrict 0 -t 8000 -deps 1 -frac 0 -accesses 5
Saving output to: output/_workers_15__sleep_1__strong_0__steps_8__isync_0__restrict_0__t_8000__deps_1__frac_0__accesses_5.txt
USE_PYTHON_RUNAHEAD:  False
CUPY_ENABLED:  True
CROSSPY_ENABLED:  False
PREINIT_THREADS:  True
DEFAULT SYNC:  SynchronizationType.NONE
workers, n, task_time, accesses, frac, total_time
15, 8, 8000, 5, 0.0, 0.4537413213402033
Running script script.py with arguments: -workers 1 -sleep 1 -strong 0 -steps 8 -isync 0 -restrict 0 -t 16000 -deps 1 -frac 0 -accesses 5
Saving output to: output/_workers_1__sleep_1__strong_0__steps_8__isync_0__restrict_0__t_16000__deps_1__frac_0__accesses_5.txt
USE_PYTHON_RUNAHEAD:  False
CUPY_ENABLED:  True
CROSSPY_ENABLED:  False
PREINIT_THREADS:  True
DEFAULT SYNC:  SynchronizationType.NONE
workers, n, task_time, accesses, frac, total_time
1, 8, 16000, 5, 0.0, 12.459743289276958
Running script script.py with arguments: -workers 2 -sleep 1 -strong 0 -steps 8 -isync 0 -restrict 0 -t 16000 -deps 1 -frac 0 -accesses 5
Saving output to: output/_workers_2__sleep_1__strong_0__steps_8__isync_0__restrict_0__t_16000__deps_1__frac_0__accesses_5.txt
USE_PYTHON_RUNAHEAD:  False
CUPY_ENABLED:  True
CROSSPY_ENABLED:  False
PREINIT_THREADS:  True
DEFAULT SYNC:  SynchronizationType.NONE
workers, n, task_time, accesses, frac, total_time
2, 8, 16000, 5, 0.0, 6.224989967420697
Running script script.py with arguments: -workers 4 -sleep 1 -strong 0 -steps 8 -isync 0 -restrict 0 -t 16000 -deps 1 -frac 0 -accesses 5
Saving output to: output/_workers_4__sleep_1__strong_0__steps_8__isync_0__restrict_0__t_16000__deps_1__frac_0__accesses_5.txt
USE_PYTHON_RUNAHEAD:  False
CUPY_ENABLED:  True
CROSSPY_ENABLED:  False
PREINIT_THREADS:  True
DEFAULT SYNC:  SynchronizationType.NONE
workers, n, task_time, accesses, frac, total_time
4, 8, 16000, 5, 0.0, 3.1452886378392577
Running script script.py with arguments: -workers 8 -sleep 1 -strong 0 -steps 8 -isync 0 -restrict 0 -t 16000 -deps 1 -frac 0 -accesses 5
Saving output to: output/_workers_8__sleep_1__strong_0__steps_8__isync_0__restrict_0__t_16000__deps_1__frac_0__accesses_5.txt
USE_PYTHON_RUNAHEAD:  False
CUPY_ENABLED:  True
CROSSPY_ENABLED:  False
PREINIT_THREADS:  True
DEFAULT SYNC:  SynchronizationType.NONE
workers, n, task_time, accesses, frac, total_time
8, 8, 16000, 5, 0.0, 1.5923401713371277
Running script script.py with arguments: -workers 15 -sleep 1 -strong 0 -steps 8 -isync 0 -restrict 0 -t 16000 -deps 1 -frac 0 -accesses 5
Saving output to: output/_workers_15__sleep_1__strong_0__steps_8__isync_0__restrict_0__t_16000__deps_1__frac_0__accesses_5.txt
USE_PYTHON_RUNAHEAD:  False
CUPY_ENABLED:  True
CROSSPY_ENABLED:  False
PREINIT_THREADS:  True
DEFAULT SYNC:  SynchronizationType.NONE
workers, n, task_time, accesses, frac, total_time
15, 8, 16000, 5, 0.0, 0.8684882307425141
Running script script.py with arguments: -workers 1 -sleep 1 -strong 0 -steps 8 -isync 0 -restrict 0 -t 32000 -deps 1 -frac 0 -accesses 5
Saving output to: output/_workers_1__sleep_1__strong_0__steps_8__isync_0__restrict_0__t_32000__deps_1__frac_0__accesses_5.txt
USE_PYTHON_RUNAHEAD:  False
CUPY_ENABLED:  True
CROSSPY_ENABLED:  False
PREINIT_THREADS:  True
DEFAULT SYNC:  SynchronizationType.NONE
workers, n, task_time, accesses, frac, total_time
1, 8, 32000, 5, 0.0, 24.67096332926303
Running script script.py with arguments: -workers 2 -sleep 1 -strong 0 -steps 8 -isync 0 -restrict 0 -t 32000 -deps 1 -frac 0 -accesses 5
Saving output to: output/_workers_2__sleep_1__strong_0__steps_8__isync_0__restrict_0__t_32000__deps_1__frac_0__accesses_5.txt
USE_PYTHON_RUNAHEAD:  False
CUPY_ENABLED:  True
CROSSPY_ENABLED:  False
PREINIT_THREADS:  True
DEFAULT SYNC:  SynchronizationType.NONE
workers, n, task_time, accesses, frac, total_time
2, 8, 32000, 5, 0.0, 12.354243071749806
Running script script.py with arguments: -workers 4 -sleep 1 -strong 0 -steps 8 -isync 0 -restrict 0 -t 32000 -deps 1 -frac 0 -accesses 5
Saving output to: output/_workers_4__sleep_1__strong_0__steps_8__isync_0__restrict_0__t_32000__deps_1__frac_0__accesses_5.txt
USE_PYTHON_RUNAHEAD:  False
CUPY_ENABLED:  True
CROSSPY_ENABLED:  False
PREINIT_THREADS:  True
DEFAULT SYNC:  SynchronizationType.NONE
workers, n, task_time, accesses, frac, total_time
4, 8, 32000, 5, 0.0, 6.207945528440177
Running script script.py with arguments: -workers 8 -sleep 1 -strong 0 -steps 8 -isync 0 -restrict 0 -t 32000 -deps 1 -frac 0 -accesses 5
Saving output to: output/_workers_8__sleep_1__strong_0__steps_8__isync_0__restrict_0__t_32000__deps_1__frac_0__accesses_5.txt
USE_PYTHON_RUNAHEAD:  False
CUPY_ENABLED:  True
CROSSPY_ENABLED:  False
PREINIT_THREADS:  True
DEFAULT SYNC:  SynchronizationType.NONE
workers, n, task_time, accesses, frac, total_time
8, 8, 32000, 5, 0.0, 3.1217257250100374
Running script script.py with arguments: -workers 15 -sleep 1 -strong 0 -steps 8 -isync 0 -restrict 0 -t 32000 -deps 1 -frac 0 -accesses 5
Saving output to: output/_workers_15__sleep_1__strong_0__steps_8__isync_0__restrict_0__t_32000__deps_1__frac_0__accesses_5.txt
USE_PYTHON_RUNAHEAD:  False
CUPY_ENABLED:  True
CROSSPY_ENABLED:  False
PREINIT_THREADS:  True
DEFAULT SYNC:  SynchronizationType.NONE
workers, n, task_time, accesses, frac, total_time
15, 8, 32000, 5, 0.0, 1.7009248714894056
Running script script.py with arguments: -workers 1 -sleep 1 -strong 0 -steps 8 -isync 0 -restrict 0 -t 64000 -deps 1 -frac 0 -accesses 5
Saving output to: output/_workers_1__sleep_1__strong_0__steps_8__isync_0__restrict_0__t_64000__deps_1__frac_0__accesses_5.txt
USE_PYTHON_RUNAHEAD:  False
CUPY_ENABLED:  True
CROSSPY_ENABLED:  False
PREINIT_THREADS:  True
DEFAULT SYNC:  SynchronizationType.NONE
workers, n, task_time, accesses, frac, total_time
1, 8, 64000, 5, 0.0, 49.226521915756166
Running script script.py with arguments: -workers 2 -sleep 1 -strong 0 -steps 8 -isync 0 -restrict 0 -t 64000 -deps 1 -frac 0 -accesses 5
Saving output to: output/_workers_2__sleep_1__strong_0__steps_8__isync_0__restrict_0__t_64000__deps_1__frac_0__accesses_5.txt
USE_PYTHON_RUNAHEAD:  False
CUPY_ENABLED:  True
CROSSPY_ENABLED:  False
PREINIT_THREADS:  True
DEFAULT SYNC:  SynchronizationType.NONE
workers, n, task_time, accesses, frac, total_time
2, 8, 64000, 5, 0.0, 24.61949630267918
Running script script.py with arguments: -workers 4 -sleep 1 -strong 0 -steps 8 -isync 0 -restrict 0 -t 64000 -deps 1 -frac 0 -accesses 5
Saving output to: output/_workers_4__sleep_1__strong_0__steps_8__isync_0__restrict_0__t_64000__deps_1__frac_0__accesses_5.txt
USE_PYTHON_RUNAHEAD:  False
CUPY_ENABLED:  True
CROSSPY_ENABLED:  False
PREINIT_THREADS:  True
DEFAULT SYNC:  SynchronizationType.NONE
workers, n, task_time, accesses, frac, total_time
4, 8, 64000, 5, 0.0, 12.370543548837304
Running script script.py with arguments: -workers 8 -sleep 1 -strong 0 -steps 8 -isync 0 -restrict 0 -t 64000 -deps 1 -frac 0 -accesses 5
Saving output to: output/_workers_8__sleep_1__strong_0__steps_8__isync_0__restrict_0__t_64000__deps_1__frac_0__accesses_5.txt
USE_PYTHON_RUNAHEAD:  False
CUPY_ENABLED:  True
CROSSPY_ENABLED:  False
PREINIT_THREADS:  True
DEFAULT SYNC:  SynchronizationType.NONE
workers, n, task_time, accesses, frac, total_time
8, 8, 64000, 5, 0.0, 6.199234443716705
Running script script.py with arguments: -workers 15 -sleep 1 -strong 0 -steps 8 -isync 0 -restrict 0 -t 64000 -deps 1 -frac 0 -accesses 5
Saving output to: output/_workers_15__sleep_1__strong_0__steps_8__isync_0__restrict_0__t_64000__deps_1__frac_0__accesses_5.txt
USE_PYTHON_RUNAHEAD:  False
CUPY_ENABLED:  True
CROSSPY_ENABLED:  False
PREINIT_THREADS:  True
DEFAULT SYNC:  SynchronizationType.NONE
workers, n, task_time, accesses, frac, total_time
15, 8, 64000, 5, 0.0, 3.368944400921464
Running script script.py with arguments: -workers 1 -sleep 1 -strong 0 -steps 8 -isync 0 -restrict 0 -t 1000 -deps 1 -frac 0.0125 -accesses 1
Saving output to: output/_workers_1__sleep_1__strong_0__steps_8__isync_0__restrict_0__t_1000__deps_1__frac_0.0125__accesses_1.txt
USE_PYTHON_RUNAHEAD:  False
CUPY_ENABLED:  True
CROSSPY_ENABLED:  False
PREINIT_THREADS:  True
DEFAULT SYNC:  SynchronizationType.NONE
workers, n, task_time, accesses, frac, total_time
1, 8, 1000, 1, 0.0125, 0.9320057863369584
Running script script.py with arguments: -workers 2 -sleep 1 -strong 0 -steps 8 -isync 0 -restrict 0 -t 1000 -deps 1 -frac 0.0125 -accesses 1
Saving output to: output/_workers_2__sleep_1__strong_0__steps_8__isync_0__restrict_0__t_1000__deps_1__frac_0.0125__accesses_1.txt
USE_PYTHON_RUNAHEAD:  False
CUPY_ENABLED:  True
CROSSPY_ENABLED:  False
PREINIT_THREADS:  True
DEFAULT SYNC:  SynchronizationType.NONE
workers, n, task_time, accesses, frac, total_time
2, 8, 1000, 1, 0.0125, 0.49078664742410183
Running script script.py with arguments: -workers 4 -sleep 1 -strong 0 -steps 8 -isync 0 -restrict 0 -t 1000 -deps 1 -frac 0.0125 -accesses 1
Saving output to: output/_workers_4__sleep_1__strong_0__steps_8__isync_0__restrict_0__t_1000__deps_1__frac_0.0125__accesses_1.txt
USE_PYTHON_RUNAHEAD:  False
CUPY_ENABLED:  True
CROSSPY_ENABLED:  False
PREINIT_THREADS:  True
DEFAULT SYNC:  SynchronizationType.NONE
workers, n, task_time, accesses, frac, total_time
4, 8, 1000, 1, 0.0125, 0.26318911649286747
Running script script.py with arguments: -workers 8 -sleep 1 -strong 0 -steps 8 -isync 0 -restrict 0 -t 1000 -deps 1 -frac 0.0125 -accesses 1
Saving output to: output/_workers_8__sleep_1__strong_0__steps_8__isync_0__restrict_0__t_1000__deps_1__frac_0.0125__accesses_1.txt
USE_PYTHON_RUNAHEAD:  False
CUPY_ENABLED:  True
CROSSPY_ENABLED:  False
PREINIT_THREADS:  True
DEFAULT SYNC:  SynchronizationType.NONE
workers, n, task_time, accesses, frac, total_time
8, 8, 1000, 1, 0.0125, 0.1553405225276947
Running script script.py with arguments: -workers 15 -sleep 1 -strong 0 -steps 8 -isync 0 -restrict 0 -t 1000 -deps 1 -frac 0.0125 -accesses 1
Saving output to: output/_workers_15__sleep_1__strong_0__steps_8__isync_0__restrict_0__t_1000__deps_1__frac_0.0125__accesses_1.txt
USE_PYTHON_RUNAHEAD:  False
CUPY_ENABLED:  True
CROSSPY_ENABLED:  False
PREINIT_THREADS:  True
DEFAULT SYNC:  SynchronizationType.NONE
workers, n, task_time, accesses, frac, total_time
15, 8, 1000, 1, 0.0125, 0.1651931805536151
Running script script.py with arguments: -workers 1 -sleep 1 -strong 0 -steps 8 -isync 0 -restrict 0 -t 2000 -deps 1 -frac 0.0125 -accesses 1
Saving output to: output/_workers_1__sleep_1__strong_0__steps_8__isync_0__restrict_0__t_2000__deps_1__frac_0.0125__accesses_1.txt
USE_PYTHON_RUNAHEAD:  False
CUPY_ENABLED:  True
CROSSPY_ENABLED:  False
PREINIT_THREADS:  True
DEFAULT SYNC:  SynchronizationType.NONE
workers, n, task_time, accesses, frac, total_time
1, 8, 2000, 1, 0.0125, 1.6871565915644169
Running script script.py with arguments: -workers 2 -sleep 1 -strong 0 -steps 8 -isync 0 -restrict 0 -t 2000 -deps 1 -frac 0.0125 -accesses 1
Saving output to: output/_workers_2__sleep_1__strong_0__steps_8__isync_0__restrict_0__t_2000__deps_1__frac_0.0125__accesses_1.txt
USE_PYTHON_RUNAHEAD:  False
CUPY_ENABLED:  True
CROSSPY_ENABLED:  False
PREINIT_THREADS:  True
DEFAULT SYNC:  SynchronizationType.NONE
workers, n, task_time, accesses, frac, total_time
2, 8, 2000, 1, 0.0125, 0.8788262559100986
Running script script.py with arguments: -workers 4 -sleep 1 -strong 0 -steps 8 -isync 0 -restrict 0 -t 2000 -deps 1 -frac 0.0125 -accesses 1
Saving output to: output/_workers_4__sleep_1__strong_0__steps_8__isync_0__restrict_0__t_2000__deps_1__frac_0.0125__accesses_1.txt
USE_PYTHON_RUNAHEAD:  False
CUPY_ENABLED:  True
CROSSPY_ENABLED:  False
PREINIT_THREADS:  True
DEFAULT SYNC:  SynchronizationType.NONE
workers, n, task_time, accesses, frac, total_time
4, 8, 2000, 1, 0.0125, 0.45829397439956665
Running script script.py with arguments: -workers 8 -sleep 1 -strong 0 -steps 8 -isync 0 -restrict 0 -t 2000 -deps 1 -frac 0.0125 -accesses 1
Saving output to: output/_workers_8__sleep_1__strong_0__steps_8__isync_0__restrict_0__t_2000__deps_1__frac_0.0125__accesses_1.txt
USE_PYTHON_RUNAHEAD:  False
CUPY_ENABLED:  True
CROSSPY_ENABLED:  False
PREINIT_THREADS:  True
DEFAULT SYNC:  SynchronizationType.NONE
workers, n, task_time, accesses, frac, total_time
8, 8, 2000, 1, 0.0125, 0.24389715865254402
Running script script.py with arguments: -workers 15 -sleep 1 -strong 0 -steps 8 -isync 0 -restrict 0 -t 2000 -deps 1 -frac 0.0125 -accesses 1
Saving output to: output/_workers_15__sleep_1__strong_0__steps_8__isync_0__restrict_0__t_2000__deps_1__frac_0.0125__accesses_1.txt
USE_PYTHON_RUNAHEAD:  False
CUPY_ENABLED:  True
CROSSPY_ENABLED:  False
PREINIT_THREADS:  True
DEFAULT SYNC:  SynchronizationType.NONE
workers, n, task_time, accesses, frac, total_time
15, 8, 2000, 1, 0.0125, 0.17286610137671232
Running script script.py with arguments: -workers 1 -sleep 1 -strong 0 -steps 8 -isync 0 -restrict 0 -t 4000 -deps 1 -frac 0.0125 -accesses 1
Saving output to: output/_workers_1__sleep_1__strong_0__steps_8__isync_0__restrict_0__t_4000__deps_1__frac_0.0125__accesses_1.txt
USE_PYTHON_RUNAHEAD:  False
CUPY_ENABLED:  True
CROSSPY_ENABLED:  False
PREINIT_THREADS:  True
DEFAULT SYNC:  SynchronizationType.NONE
workers, n, task_time, accesses, frac, total_time
1, 8, 4000, 1, 0.0125, 3.2630443684756756
Running script script.py with arguments: -workers 2 -sleep 1 -strong 0 -steps 8 -isync 0 -restrict 0 -t 4000 -deps 1 -frac 0.0125 -accesses 1
Saving output to: output/_workers_2__sleep_1__strong_0__steps_8__isync_0__restrict_0__t_4000__deps_1__frac_0.0125__accesses_1.txt
USE_PYTHON_RUNAHEAD:  False
CUPY_ENABLED:  True
CROSSPY_ENABLED:  False
PREINIT_THREADS:  True
DEFAULT SYNC:  SynchronizationType.NONE
workers, n, task_time, accesses, frac, total_time
2, 8, 4000, 1, 0.0125, 1.6530619338154793
Running script script.py with arguments: -workers 4 -sleep 1 -strong 0 -steps 8 -isync 0 -restrict 0 -t 4000 -deps 1 -frac 0.0125 -accesses 1
Saving output to: output/_workers_4__sleep_1__strong_0__steps_8__isync_0__restrict_0__t_4000__deps_1__frac_0.0125__accesses_1.txt
USE_PYTHON_RUNAHEAD:  False
CUPY_ENABLED:  True
CROSSPY_ENABLED:  False
PREINIT_THREADS:  True
DEFAULT SYNC:  SynchronizationType.NONE
workers, n, task_time, accesses, frac, total_time
4, 8, 4000, 1, 0.0125, 0.8468890208750963
Running script script.py with arguments: -workers 8 -sleep 1 -strong 0 -steps 8 -isync 0 -restrict 0 -t 4000 -deps 1 -frac 0.0125 -accesses 1
Saving output to: output/_workers_8__sleep_1__strong_0__steps_8__isync_0__restrict_0__t_4000__deps_1__frac_0.0125__accesses_1.txt
USE_PYTHON_RUNAHEAD:  False
CUPY_ENABLED:  True
CROSSPY_ENABLED:  False
PREINIT_THREADS:  True
DEFAULT SYNC:  SynchronizationType.NONE
workers, n, task_time, accesses, frac, total_time
8, 8, 4000, 1, 0.0125, 0.4517838563770056
Running script script.py with arguments: -workers 15 -sleep 1 -strong 0 -steps 8 -isync 0 -restrict 0 -t 4000 -deps 1 -frac 0.0125 -accesses 1
Saving output to: output/_workers_15__sleep_1__strong_0__steps_8__isync_0__restrict_0__t_4000__deps_1__frac_0.0125__accesses_1.txt
USE_PYTHON_RUNAHEAD:  False
CUPY_ENABLED:  True
CROSSPY_ENABLED:  False
PREINIT_THREADS:  True
DEFAULT SYNC:  SynchronizationType.NONE
workers, n, task_time, accesses, frac, total_time
15, 8, 4000, 1, 0.0125, 0.2653611246496439
Running script script.py with arguments: -workers 1 -sleep 1 -strong 0 -steps 8 -isync 0 -restrict 0 -t 8000 -deps 1 -frac 0.0125 -accesses 1
Saving output to: output/_workers_1__sleep_1__strong_0__steps_8__isync_0__restrict_0__t_8000__deps_1__frac_0.0125__accesses_1.txt
USE_PYTHON_RUNAHEAD:  False
CUPY_ENABLED:  True
CROSSPY_ENABLED:  False
PREINIT_THREADS:  True
DEFAULT SYNC:  SynchronizationType.NONE
workers, n, task_time, accesses, frac, total_time
1, 8, 8000, 1, 0.0125, 6.325382085517049
Running script script.py with arguments: -workers 2 -sleep 1 -strong 0 -steps 8 -isync 0 -restrict 0 -t 8000 -deps 1 -frac 0.0125 -accesses 1
Saving output to: output/_workers_2__sleep_1__strong_0__steps_8__isync_0__restrict_0__t_8000__deps_1__frac_0.0125__accesses_1.txt
USE_PYTHON_RUNAHEAD:  False
CUPY_ENABLED:  True
CROSSPY_ENABLED:  False
PREINIT_THREADS:  True
DEFAULT SYNC:  SynchronizationType.NONE
workers, n, task_time, accesses, frac, total_time
2, 8, 8000, 1, 0.0125, 3.20909980032593
Running script script.py with arguments: -workers 4 -sleep 1 -strong 0 -steps 8 -isync 0 -restrict 0 -t 8000 -deps 1 -frac 0.0125 -accesses 1
Saving output to: output/_workers_4__sleep_1__strong_0__steps_8__isync_0__restrict_0__t_8000__deps_1__frac_0.0125__accesses_1.txt
USE_PYTHON_RUNAHEAD:  False
CUPY_ENABLED:  True
CROSSPY_ENABLED:  False
PREINIT_THREADS:  True
DEFAULT SYNC:  SynchronizationType.NONE
workers, n, task_time, accesses, frac, total_time
4, 8, 8000, 1, 0.0125, 1.64566142950207
Running script script.py with arguments: -workers 8 -sleep 1 -strong 0 -steps 8 -isync 0 -restrict 0 -t 8000 -deps 1 -frac 0.0125 -accesses 1
Saving output to: output/_workers_8__sleep_1__strong_0__steps_8__isync_0__restrict_0__t_8000__deps_1__frac_0.0125__accesses_1.txt
USE_PYTHON_RUNAHEAD:  False
CUPY_ENABLED:  True
CROSSPY_ENABLED:  False
PREINIT_THREADS:  True
DEFAULT SYNC:  SynchronizationType.NONE
workers, n, task_time, accesses, frac, total_time
8, 8, 8000, 1, 0.0125, 0.8557439660653472
Running script script.py with arguments: -workers 15 -sleep 1 -strong 0 -steps 8 -isync 0 -restrict 0 -t 8000 -deps 1 -frac 0.0125 -accesses 1
Saving output to: output/_workers_15__sleep_1__strong_0__steps_8__isync_0__restrict_0__t_8000__deps_1__frac_0.0125__accesses_1.txt
USE_PYTHON_RUNAHEAD:  False
CUPY_ENABLED:  True
CROSSPY_ENABLED:  False
PREINIT_THREADS:  True
DEFAULT SYNC:  SynchronizationType.NONE
workers, n, task_time, accesses, frac, total_time
15, 8, 8000, 1, 0.0125, 0.4751425152644515
Running script script.py with arguments: -workers 1 -sleep 1 -strong 0 -steps 8 -isync 0 -restrict 0 -t 16000 -deps 1 -frac 0.0125 -accesses 1
Saving output to: output/_workers_1__sleep_1__strong_0__steps_8__isync_0__restrict_0__t_16000__deps_1__frac_0.0125__accesses_1.txt
USE_PYTHON_RUNAHEAD:  False
CUPY_ENABLED:  True
CROSSPY_ENABLED:  False
PREINIT_THREADS:  True
DEFAULT SYNC:  SynchronizationType.NONE
workers, n, task_time, accesses, frac, total_time
1, 8, 16000, 1, 0.0125, 12.427617110311985
Running script script.py with arguments: -workers 2 -sleep 1 -strong 0 -steps 8 -isync 0 -restrict 0 -t 16000 -deps 1 -frac 0.0125 -accesses 1
Saving output to: output/_workers_2__sleep_1__strong_0__steps_8__isync_0__restrict_0__t_16000__deps_1__frac_0.0125__accesses_1.txt
USE_PYTHON_RUNAHEAD:  False
CUPY_ENABLED:  True
CROSSPY_ENABLED:  False
PREINIT_THREADS:  True
DEFAULT SYNC:  SynchronizationType.NONE
workers, n, task_time, accesses, frac, total_time
2, 8, 16000, 1, 0.0125, 6.321619571186602
Running script script.py with arguments: -workers 4 -sleep 1 -strong 0 -steps 8 -isync 0 -restrict 0 -t 16000 -deps 1 -frac 0.0125 -accesses 1
Saving output to: output/_workers_4__sleep_1__strong_0__steps_8__isync_0__restrict_0__t_16000__deps_1__frac_0.0125__accesses_1.txt
USE_PYTHON_RUNAHEAD:  False
CUPY_ENABLED:  True
CROSSPY_ENABLED:  False
PREINIT_THREADS:  True
DEFAULT SYNC:  SynchronizationType.NONE
workers, n, task_time, accesses, frac, total_time
4, 8, 16000, 1, 0.0125, 3.2499290136620402
Running script script.py with arguments: -workers 8 -sleep 1 -strong 0 -steps 8 -isync 0 -restrict 0 -t 16000 -deps 1 -frac 0.0125 -accesses 1
Saving output to: output/_workers_8__sleep_1__strong_0__steps_8__isync_0__restrict_0__t_16000__deps_1__frac_0.0125__accesses_1.txt
USE_PYTHON_RUNAHEAD:  False
CUPY_ENABLED:  True
CROSSPY_ENABLED:  False
PREINIT_THREADS:  True
DEFAULT SYNC:  SynchronizationType.NONE
workers, n, task_time, accesses, frac, total_time
8, 8, 16000, 1, 0.0125, 1.6641535069793463
Running script script.py with arguments: -workers 15 -sleep 1 -strong 0 -steps 8 -isync 0 -restrict 0 -t 16000 -deps 1 -frac 0.0125 -accesses 1
Saving output to: output/_workers_15__sleep_1__strong_0__steps_8__isync_0__restrict_0__t_16000__deps_1__frac_0.0125__accesses_1.txt
USE_PYTHON_RUNAHEAD:  False
CUPY_ENABLED:  True
CROSSPY_ENABLED:  False
PREINIT_THREADS:  True
DEFAULT SYNC:  SynchronizationType.NONE
workers, n, task_time, accesses, frac, total_time
15, 8, 16000, 1, 0.0125, 0.9132112516090274
Running script script.py with arguments: -workers 1 -sleep 1 -strong 0 -steps 8 -isync 0 -restrict 0 -t 32000 -deps 1 -frac 0.0125 -accesses 1
Saving output to: output/_workers_1__sleep_1__strong_0__steps_8__isync_0__restrict_0__t_32000__deps_1__frac_0.0125__accesses_1.txt
USE_PYTHON_RUNAHEAD:  False
CUPY_ENABLED:  True
CROSSPY_ENABLED:  False
PREINIT_THREADS:  True
DEFAULT SYNC:  SynchronizationType.NONE
workers, n, task_time, accesses, frac, total_time
1, 8, 32000, 1, 0.0125, 24.716811415739357
Running script script.py with arguments: -workers 2 -sleep 1 -strong 0 -steps 8 -isync 0 -restrict 0 -t 32000 -deps 1 -frac 0.0125 -accesses 1
Saving output to: output/_workers_2__sleep_1__strong_0__steps_8__isync_0__restrict_0__t_32000__deps_1__frac_0.0125__accesses_1.txt
USE_PYTHON_RUNAHEAD:  False
CUPY_ENABLED:  True
CROSSPY_ENABLED:  False
PREINIT_THREADS:  True
DEFAULT SYNC:  SynchronizationType.NONE
workers, n, task_time, accesses, frac, total_time
2, 8, 32000, 1, 0.0125, 12.536684299819171
Running script script.py with arguments: -workers 4 -sleep 1 -strong 0 -steps 8 -isync 0 -restrict 0 -t 32000 -deps 1 -frac 0.0125 -accesses 1
Saving output to: output/_workers_4__sleep_1__strong_0__steps_8__isync_0__restrict_0__t_32000__deps_1__frac_0.0125__accesses_1.txt
USE_PYTHON_RUNAHEAD:  False
CUPY_ENABLED:  True
CROSSPY_ENABLED:  False
PREINIT_THREADS:  True
DEFAULT SYNC:  SynchronizationType.NONE
workers, n, task_time, accesses, frac, total_time
4, 8, 32000, 1, 0.0125, 6.325097625143826
Running script script.py with arguments: -workers 8 -sleep 1 -strong 0 -steps 8 -isync 0 -restrict 0 -t 32000 -deps 1 -frac 0.0125 -accesses 1
Saving output to: output/_workers_8__sleep_1__strong_0__steps_8__isync_0__restrict_0__t_32000__deps_1__frac_0.0125__accesses_1.txt
USE_PYTHON_RUNAHEAD:  False
CUPY_ENABLED:  True
CROSSPY_ENABLED:  False
PREINIT_THREADS:  True
DEFAULT SYNC:  SynchronizationType.NONE
workers, n, task_time, accesses, frac, total_time
8, 8, 32000, 1, 0.0125, 3.2475849566981196
Running script script.py with arguments: -workers 15 -sleep 1 -strong 0 -steps 8 -isync 0 -restrict 0 -t 32000 -deps 1 -frac 0.0125 -accesses 1
Saving output to: output/_workers_15__sleep_1__strong_0__steps_8__isync_0__restrict_0__t_32000__deps_1__frac_0.0125__accesses_1.txt
USE_PYTHON_RUNAHEAD:  False
CUPY_ENABLED:  True
CROSSPY_ENABLED:  False
PREINIT_THREADS:  True
DEFAULT SYNC:  SynchronizationType.NONE
workers, n, task_time, accesses, frac, total_time
15, 8, 32000, 1, 0.0125, 1.8031470831483603
Running script script.py with arguments: -workers 1 -sleep 1 -strong 0 -steps 8 -isync 0 -restrict 0 -t 64000 -deps 1 -frac 0.0125 -accesses 1
Saving output to: output/_workers_1__sleep_1__strong_0__steps_8__isync_0__restrict_0__t_64000__deps_1__frac_0.0125__accesses_1.txt
USE_PYTHON_RUNAHEAD:  False
CUPY_ENABLED:  True
CROSSPY_ENABLED:  False
PREINIT_THREADS:  True
DEFAULT SYNC:  SynchronizationType.NONE
workers, n, task_time, accesses, frac, total_time
1, 8, 64000, 1, 0.0125, 49.23097098432481
Running script script.py with arguments: -workers 2 -sleep 1 -strong 0 -steps 8 -isync 0 -restrict 0 -t 64000 -deps 1 -frac 0.0125 -accesses 1
Saving output to: output/_workers_2__sleep_1__strong_0__steps_8__isync_0__restrict_0__t_64000__deps_1__frac_0.0125__accesses_1.txt
USE_PYTHON_RUNAHEAD:  False
CUPY_ENABLED:  True
CROSSPY_ENABLED:  False
PREINIT_THREADS:  True
DEFAULT SYNC:  SynchronizationType.NONE
workers, n, task_time, accesses, frac, total_time
2, 8, 64000, 1, 0.0125, 24.95499740820378
Running script script.py with arguments: -workers 4 -sleep 1 -strong 0 -steps 8 -isync 0 -restrict 0 -t 64000 -deps 1 -frac 0.0125 -accesses 1
Saving output to: output/_workers_4__sleep_1__strong_0__steps_8__isync_0__restrict_0__t_64000__deps_1__frac_0.0125__accesses_1.txt
USE_PYTHON_RUNAHEAD:  False
CUPY_ENABLED:  True
CROSSPY_ENABLED:  False
PREINIT_THREADS:  True
DEFAULT SYNC:  SynchronizationType.NONE
workers, n, task_time, accesses, frac, total_time
4, 8, 64000, 1, 0.0125, 12.553627222776413
Running script script.py with arguments: -workers 8 -sleep 1 -strong 0 -steps 8 -isync 0 -restrict 0 -t 64000 -deps 1 -frac 0.0125 -accesses 1
Saving output to: output/_workers_8__sleep_1__strong_0__steps_8__isync_0__restrict_0__t_64000__deps_1__frac_0.0125__accesses_1.txt
USE_PYTHON_RUNAHEAD:  False
CUPY_ENABLED:  True
CROSSPY_ENABLED:  False
PREINIT_THREADS:  True
DEFAULT SYNC:  SynchronizationType.NONE
workers, n, task_time, accesses, frac, total_time
8, 8, 64000, 1, 0.0125, 6.405551771633327
Running script script.py with arguments: -workers 15 -sleep 1 -strong 0 -steps 8 -isync 0 -restrict 0 -t 64000 -deps 1 -frac 0.0125 -accesses 1
Saving output to: output/_workers_15__sleep_1__strong_0__steps_8__isync_0__restrict_0__t_64000__deps_1__frac_0.0125__accesses_1.txt
USE_PYTHON_RUNAHEAD:  False
CUPY_ENABLED:  True
CROSSPY_ENABLED:  False
PREINIT_THREADS:  True
DEFAULT SYNC:  SynchronizationType.NONE
workers, n, task_time, accesses, frac, total_time
15, 8, 64000, 1, 0.0125, 3.644576574675739
Running script script.py with arguments: -workers 1 -sleep 1 -strong 0 -steps 8 -isync 0 -restrict 0 -t 1000 -deps 1 -frac 0.0125 -accesses 5
Saving output to: output/_workers_1__sleep_1__strong_0__steps_8__isync_0__restrict_0__t_1000__deps_1__frac_0.0125__accesses_5.txt
USE_PYTHON_RUNAHEAD:  False
CUPY_ENABLED:  True
CROSSPY_ENABLED:  False
PREINIT_THREADS:  True
DEFAULT SYNC:  SynchronizationType.NONE
workers, n, task_time, accesses, frac, total_time
1, 8, 1000, 5, 0.0125, 0.9322141213342547
Running script script.py with arguments: -workers 2 -sleep 1 -strong 0 -steps 8 -isync 0 -restrict 0 -t 1000 -deps 1 -frac 0.0125 -accesses 5
Saving output to: output/_workers_2__sleep_1__strong_0__steps_8__isync_0__restrict_0__t_1000__deps_1__frac_0.0125__accesses_5.txt
USE_PYTHON_RUNAHEAD:  False
CUPY_ENABLED:  True
CROSSPY_ENABLED:  False
PREINIT_THREADS:  True
DEFAULT SYNC:  SynchronizationType.NONE
workers, n, task_time, accesses, frac, total_time
2, 8, 1000, 5, 0.0125, 0.4896350046619773
Running script script.py with arguments: -workers 4 -sleep 1 -strong 0 -steps 8 -isync 0 -restrict 0 -t 1000 -deps 1 -frac 0.0125 -accesses 5
Saving output to: output/_workers_4__sleep_1__strong_0__steps_8__isync_0__restrict_0__t_1000__deps_1__frac_0.0125__accesses_5.txt
USE_PYTHON_RUNAHEAD:  False
CUPY_ENABLED:  True
CROSSPY_ENABLED:  False
PREINIT_THREADS:  True
DEFAULT SYNC:  SynchronizationType.NONE
workers, n, task_time, accesses, frac, total_time
4, 8, 1000, 5, 0.0125, 0.27374992333352566
Running script script.py with arguments: -workers 8 -sleep 1 -strong 0 -steps 8 -isync 0 -restrict 0 -t 1000 -deps 1 -frac 0.0125 -accesses 5
Saving output to: output/_workers_8__sleep_1__strong_0__steps_8__isync_0__restrict_0__t_1000__deps_1__frac_0.0125__accesses_5.txt
USE_PYTHON_RUNAHEAD:  False
CUPY_ENABLED:  True
CROSSPY_ENABLED:  False
PREINIT_THREADS:  True
DEFAULT SYNC:  SynchronizationType.NONE
workers, n, task_time, accesses, frac, total_time
8, 8, 1000, 5, 0.0125, 0.1757382433861494
Running script script.py with arguments: -workers 15 -sleep 1 -strong 0 -steps 8 -isync 0 -restrict 0 -t 1000 -deps 1 -frac 0.0125 -accesses 5
Saving output to: output/_workers_15__sleep_1__strong_0__steps_8__isync_0__restrict_0__t_1000__deps_1__frac_0.0125__accesses_5.txt
USE_PYTHON_RUNAHEAD:  False
CUPY_ENABLED:  True
CROSSPY_ENABLED:  False
PREINIT_THREADS:  True
DEFAULT SYNC:  SynchronizationType.NONE
workers, n, task_time, accesses, frac, total_time
15, 8, 1000, 5, 0.0125, 0.21222036611288786
Running script script.py with arguments: -workers 1 -sleep 1 -strong 0 -steps 8 -isync 0 -restrict 0 -t 2000 -deps 1 -frac 0.0125 -accesses 5
Saving output to: output/_workers_1__sleep_1__strong_0__steps_8__isync_0__restrict_0__t_2000__deps_1__frac_0.0125__accesses_5.txt
USE_PYTHON_RUNAHEAD:  False
CUPY_ENABLED:  True
CROSSPY_ENABLED:  False
PREINIT_THREADS:  True
DEFAULT SYNC:  SynchronizationType.NONE
workers, n, task_time, accesses, frac, total_time
1, 8, 2000, 5, 0.0125, 1.7248280877247453
Running script script.py with arguments: -workers 2 -sleep 1 -strong 0 -steps 8 -isync 0 -restrict 0 -t 2000 -deps 1 -frac 0.0125 -accesses 5
Saving output to: output/_workers_2__sleep_1__strong_0__steps_8__isync_0__restrict_0__t_2000__deps_1__frac_0.0125__accesses_5.txt
USE_PYTHON_RUNAHEAD:  False
CUPY_ENABLED:  True
CROSSPY_ENABLED:  False
PREINIT_THREADS:  True
DEFAULT SYNC:  SynchronizationType.NONE
workers, n, task_time, accesses, frac, total_time
2, 8, 2000, 5, 0.0125, 0.8778107287362218
Running script script.py with arguments: -workers 4 -sleep 1 -strong 0 -steps 8 -isync 0 -restrict 0 -t 2000 -deps 1 -frac 0.0125 -accesses 5
Saving output to: output/_workers_4__sleep_1__strong_0__steps_8__isync_0__restrict_0__t_2000__deps_1__frac_0.0125__accesses_5.txt
USE_PYTHON_RUNAHEAD:  False
CUPY_ENABLED:  True
CROSSPY_ENABLED:  False
PREINIT_THREADS:  True
DEFAULT SYNC:  SynchronizationType.NONE
workers, n, task_time, accesses, frac, total_time
4, 8, 2000, 5, 0.0125, 0.4567054258659482
Running script script.py with arguments: -workers 8 -sleep 1 -strong 0 -steps 8 -isync 0 -restrict 0 -t 2000 -deps 1 -frac 0.0125 -accesses 5
Saving output to: output/_workers_8__sleep_1__strong_0__steps_8__isync_0__restrict_0__t_2000__deps_1__frac_0.0125__accesses_5.txt
USE_PYTHON_RUNAHEAD:  False
CUPY_ENABLED:  True
CROSSPY_ENABLED:  False
PREINIT_THREADS:  True
DEFAULT SYNC:  SynchronizationType.NONE
workers, n, task_time, accesses, frac, total_time
8, 8, 2000, 5, 0.0125, 0.25355076510459185
Running script script.py with arguments: -workers 15 -sleep 1 -strong 0 -steps 8 -isync 0 -restrict 0 -t 2000 -deps 1 -frac 0.0125 -accesses 5
Saving output to: output/_workers_15__sleep_1__strong_0__steps_8__isync_0__restrict_0__t_2000__deps_1__frac_0.0125__accesses_5.txt
USE_PYTHON_RUNAHEAD:  False
CUPY_ENABLED:  True
CROSSPY_ENABLED:  False
PREINIT_THREADS:  True
DEFAULT SYNC:  SynchronizationType.NONE
workers, n, task_time, accesses, frac, total_time
15, 8, 2000, 5, 0.0125, 0.20592146553099155
Running script script.py with arguments: -workers 1 -sleep 1 -strong 0 -steps 8 -isync 0 -restrict 0 -t 4000 -deps 1 -frac 0.0125 -accesses 5
Saving output to: output/_workers_1__sleep_1__strong_0__steps_8__isync_0__restrict_0__t_4000__deps_1__frac_0.0125__accesses_5.txt
USE_PYTHON_RUNAHEAD:  False
CUPY_ENABLED:  True
CROSSPY_ENABLED:  False
PREINIT_THREADS:  True
DEFAULT SYNC:  SynchronizationType.NONE
workers, n, task_time, accesses, frac, total_time
1, 8, 4000, 5, 0.0125, 3.2449807869270444
Running script script.py with arguments: -workers 2 -sleep 1 -strong 0 -steps 8 -isync 0 -restrict 0 -t 4000 -deps 1 -frac 0.0125 -accesses 5
Saving output to: output/_workers_2__sleep_1__strong_0__steps_8__isync_0__restrict_0__t_4000__deps_1__frac_0.0125__accesses_5.txt
USE_PYTHON_RUNAHEAD:  False
CUPY_ENABLED:  True
CROSSPY_ENABLED:  False
PREINIT_THREADS:  True
DEFAULT SYNC:  SynchronizationType.NONE
workers, n, task_time, accesses, frac, total_time
2, 8, 4000, 5, 0.0125, 1.629078391008079
Running script script.py with arguments: -workers 4 -sleep 1 -strong 0 -steps 8 -isync 0 -restrict 0 -t 4000 -deps 1 -frac 0.0125 -accesses 5
Saving output to: output/_workers_4__sleep_1__strong_0__steps_8__isync_0__restrict_0__t_4000__deps_1__frac_0.0125__accesses_5.txt
USE_PYTHON_RUNAHEAD:  False
CUPY_ENABLED:  True
CROSSPY_ENABLED:  False
PREINIT_THREADS:  True
DEFAULT SYNC:  SynchronizationType.NONE
workers, n, task_time, accesses, frac, total_time
4, 8, 4000, 5, 0.0125, 0.8419244941323996
Running script script.py with arguments: -workers 8 -sleep 1 -strong 0 -steps 8 -isync 0 -restrict 0 -t 4000 -deps 1 -frac 0.0125 -accesses 5
Saving output to: output/_workers_8__sleep_1__strong_0__steps_8__isync_0__restrict_0__t_4000__deps_1__frac_0.0125__accesses_5.txt
USE_PYTHON_RUNAHEAD:  False
CUPY_ENABLED:  True
CROSSPY_ENABLED:  False
PREINIT_THREADS:  True
DEFAULT SYNC:  SynchronizationType.NONE
workers, n, task_time, accesses, frac, total_time
8, 8, 4000, 5, 0.0125, 0.43877717200666666
Running script script.py with arguments: -workers 15 -sleep 1 -strong 0 -steps 8 -isync 0 -restrict 0 -t 4000 -deps 1 -frac 0.0125 -accesses 5
Saving output to: output/_workers_15__sleep_1__strong_0__steps_8__isync_0__restrict_0__t_4000__deps_1__frac_0.0125__accesses_5.txt
USE_PYTHON_RUNAHEAD:  False
CUPY_ENABLED:  True
CROSSPY_ENABLED:  False
PREINIT_THREADS:  True
DEFAULT SYNC:  SynchronizationType.NONE
workers, n, task_time, accesses, frac, total_time
15, 8, 4000, 5, 0.0125, 0.27439603488892317
Running script script.py with arguments: -workers 1 -sleep 1 -strong 0 -steps 8 -isync 0 -restrict 0 -t 8000 -deps 1 -frac 0.0125 -accesses 5
Saving output to: output/_workers_1__sleep_1__strong_0__steps_8__isync_0__restrict_0__t_8000__deps_1__frac_0.0125__accesses_5.txt
USE_PYTHON_RUNAHEAD:  False
CUPY_ENABLED:  True
CROSSPY_ENABLED:  False
PREINIT_THREADS:  True
DEFAULT SYNC:  SynchronizationType.NONE
workers, n, task_time, accesses, frac, total_time
1, 8, 8000, 5, 0.0125, 6.328149386681616
Running script script.py with arguments: -workers 2 -sleep 1 -strong 0 -steps 8 -isync 0 -restrict 0 -t 8000 -deps 1 -frac 0.0125 -accesses 5
Saving output to: output/_workers_2__sleep_1__strong_0__steps_8__isync_0__restrict_0__t_8000__deps_1__frac_0.0125__accesses_5.txt
USE_PYTHON_RUNAHEAD:  False
CUPY_ENABLED:  True
CROSSPY_ENABLED:  False
PREINIT_THREADS:  True
DEFAULT SYNC:  SynchronizationType.NONE
workers, n, task_time, accesses, frac, total_time
2, 8, 8000, 5, 0.0125, 3.174192757345736
Running script script.py with arguments: -workers 4 -sleep 1 -strong 0 -steps 8 -isync 0 -restrict 0 -t 8000 -deps 1 -frac 0.0125 -accesses 5
Saving output to: output/_workers_4__sleep_1__strong_0__steps_8__isync_0__restrict_0__t_8000__deps_1__frac_0.0125__accesses_5.txt
USE_PYTHON_RUNAHEAD:  False
CUPY_ENABLED:  True
CROSSPY_ENABLED:  False
PREINIT_THREADS:  True
DEFAULT SYNC:  SynchronizationType.NONE
workers, n, task_time, accesses, frac, total_time
4, 8, 8000, 5, 0.0125, 1.6039023259654641
Running script script.py with arguments: -workers 8 -sleep 1 -strong 0 -steps 8 -isync 0 -restrict 0 -t 8000 -deps 1 -frac 0.0125 -accesses 5
Saving output to: output/_workers_8__sleep_1__strong_0__steps_8__isync_0__restrict_0__t_8000__deps_1__frac_0.0125__accesses_5.txt
USE_PYTHON_RUNAHEAD:  False
CUPY_ENABLED:  True
CROSSPY_ENABLED:  False
PREINIT_THREADS:  True
DEFAULT SYNC:  SynchronizationType.NONE
workers, n, task_time, accesses, frac, total_time
8, 8, 8000, 5, 0.0125, 0.8206853223964572
Running script script.py with arguments: -workers 15 -sleep 1 -strong 0 -steps 8 -isync 0 -restrict 0 -t 8000 -deps 1 -frac 0.0125 -accesses 5
Saving output to: output/_workers_15__sleep_1__strong_0__steps_8__isync_0__restrict_0__t_8000__deps_1__frac_0.0125__accesses_5.txt
USE_PYTHON_RUNAHEAD:  False
CUPY_ENABLED:  True
CROSSPY_ENABLED:  False
PREINIT_THREADS:  True
DEFAULT SYNC:  SynchronizationType.NONE
workers, n, task_time, accesses, frac, total_time
15, 8, 8000, 5, 0.0125, 0.4586955988779664
Running script script.py with arguments: -workers 1 -sleep 1 -strong 0 -steps 8 -isync 0 -restrict 0 -t 16000 -deps 1 -frac 0.0125 -accesses 5
Saving output to: output/_workers_1__sleep_1__strong_0__steps_8__isync_0__restrict_0__t_16000__deps_1__frac_0.0125__accesses_5.txt
USE_PYTHON_RUNAHEAD:  False
CUPY_ENABLED:  True
CROSSPY_ENABLED:  False
PREINIT_THREADS:  True
DEFAULT SYNC:  SynchronizationType.NONE
workers, n, task_time, accesses, frac, total_time
1, 8, 16000, 5, 0.0125, 12.461328709498048
Running script script.py with arguments: -workers 2 -sleep 1 -strong 0 -steps 8 -isync 0 -restrict 0 -t 16000 -deps 1 -frac 0.0125 -accesses 5
Saving output to: output/_workers_2__sleep_1__strong_0__steps_8__isync_0__restrict_0__t_16000__deps_1__frac_0.0125__accesses_5.txt
USE_PYTHON_RUNAHEAD:  False
CUPY_ENABLED:  True
CROSSPY_ENABLED:  False
PREINIT_THREADS:  True
DEFAULT SYNC:  SynchronizationType.NONE
workers, n, task_time, accesses, frac, total_time
2, 8, 16000, 5, 0.0125, 6.2289315685629845
Running script script.py with arguments: -workers 4 -sleep 1 -strong 0 -steps 8 -isync 0 -restrict 0 -t 16000 -deps 1 -frac 0.0125 -accesses 5
Saving output to: output/_workers_4__sleep_1__strong_0__steps_8__isync_0__restrict_0__t_16000__deps_1__frac_0.0125__accesses_5.txt
USE_PYTHON_RUNAHEAD:  False
CUPY_ENABLED:  True
CROSSPY_ENABLED:  False
PREINIT_THREADS:  True
DEFAULT SYNC:  SynchronizationType.NONE
workers, n, task_time, accesses, frac, total_time
4, 8, 16000, 5, 0.0125, 3.149603565223515
Running script script.py with arguments: -workers 8 -sleep 1 -strong 0 -steps 8 -isync 0 -restrict 0 -t 16000 -deps 1 -frac 0.0125 -accesses 5
Saving output to: output/_workers_8__sleep_1__strong_0__steps_8__isync_0__restrict_0__t_16000__deps_1__frac_0.0125__accesses_5.txt
USE_PYTHON_RUNAHEAD:  False
CUPY_ENABLED:  True
CROSSPY_ENABLED:  False
PREINIT_THREADS:  True
DEFAULT SYNC:  SynchronizationType.NONE
workers, n, task_time, accesses, frac, total_time
8, 8, 16000, 5, 0.0125, 1.6006940277293324
Running script script.py with arguments: -workers 15 -sleep 1 -strong 0 -steps 8 -isync 0 -restrict 0 -t 16000 -deps 1 -frac 0.0125 -accesses 5
Saving output to: output/_workers_15__sleep_1__strong_0__steps_8__isync_0__restrict_0__t_16000__deps_1__frac_0.0125__accesses_5.txt
USE_PYTHON_RUNAHEAD:  False
CUPY_ENABLED:  True
CROSSPY_ENABLED:  False
PREINIT_THREADS:  True
DEFAULT SYNC:  SynchronizationType.NONE
workers, n, task_time, accesses, frac, total_time
15, 8, 16000, 5, 0.0125, 0.8736983733251691
Running script script.py with arguments: -workers 1 -sleep 1 -strong 0 -steps 8 -isync 0 -restrict 0 -t 32000 -deps 1 -frac 0.0125 -accesses 5
Saving output to: output/_workers_1__sleep_1__strong_0__steps_8__isync_0__restrict_0__t_32000__deps_1__frac_0.0125__accesses_5.txt
USE_PYTHON_RUNAHEAD:  False
CUPY_ENABLED:  True
CROSSPY_ENABLED:  False
PREINIT_THREADS:  True
DEFAULT SYNC:  SynchronizationType.NONE
workers, n, task_time, accesses, frac, total_time
1, 8, 32000, 5, 0.0125, 24.71318067703396
Running script script.py with arguments: -workers 2 -sleep 1 -strong 0 -steps 8 -isync 0 -restrict 0 -t 32000 -deps 1 -frac 0.0125 -accesses 5
Saving output to: output/_workers_2__sleep_1__strong_0__steps_8__isync_0__restrict_0__t_32000__deps_1__frac_0.0125__accesses_5.txt
USE_PYTHON_RUNAHEAD:  False
CUPY_ENABLED:  True
CROSSPY_ENABLED:  False
PREINIT_THREADS:  True
DEFAULT SYNC:  SynchronizationType.NONE
workers, n, task_time, accesses, frac, total_time
2, 8, 32000, 5, 0.0125, 12.384182970970869
Running script script.py with arguments: -workers 4 -sleep 1 -strong 0 -steps 8 -isync 0 -restrict 0 -t 32000 -deps 1 -frac 0.0125 -accesses 5
Saving output to: output/_workers_4__sleep_1__strong_0__steps_8__isync_0__restrict_0__t_32000__deps_1__frac_0.0125__accesses_5.txt
USE_PYTHON_RUNAHEAD:  False
CUPY_ENABLED:  True
CROSSPY_ENABLED:  False
PREINIT_THREADS:  True
DEFAULT SYNC:  SynchronizationType.NONE
workers, n, task_time, accesses, frac, total_time
4, 8, 32000, 5, 0.0125, 6.227962649427354
Running script script.py with arguments: -workers 8 -sleep 1 -strong 0 -steps 8 -isync 0 -restrict 0 -t 32000 -deps 1 -frac 0.0125 -accesses 5
Saving output to: output/_workers_8__sleep_1__strong_0__steps_8__isync_0__restrict_0__t_32000__deps_1__frac_0.0125__accesses_5.txt
USE_PYTHON_RUNAHEAD:  False
CUPY_ENABLED:  True
CROSSPY_ENABLED:  False
PREINIT_THREADS:  True
DEFAULT SYNC:  SynchronizationType.NONE
workers, n, task_time, accesses, frac, total_time
8, 8, 32000, 5, 0.0125, 3.152091826312244
Running script script.py with arguments: -workers 15 -sleep 1 -strong 0 -steps 8 -isync 0 -restrict 0 -t 32000 -deps 1 -frac 0.0125 -accesses 5
Saving output to: output/_workers_15__sleep_1__strong_0__steps_8__isync_0__restrict_0__t_32000__deps_1__frac_0.0125__accesses_5.txt
USE_PYTHON_RUNAHEAD:  False
CUPY_ENABLED:  True
CROSSPY_ENABLED:  False
PREINIT_THREADS:  True
DEFAULT SYNC:  SynchronizationType.NONE
workers, n, task_time, accesses, frac, total_time
15, 8, 32000, 5, 0.0125, 1.7094271592795849
Running script script.py with arguments: -workers 1 -sleep 1 -strong 0 -steps 8 -isync 0 -restrict 0 -t 64000 -deps 1 -frac 0.0125 -accesses 5
Saving output to: output/_workers_1__sleep_1__strong_0__steps_8__isync_0__restrict_0__t_64000__deps_1__frac_0.0125__accesses_5.txt
USE_PYTHON_RUNAHEAD:  False
CUPY_ENABLED:  True
CROSSPY_ENABLED:  False
PREINIT_THREADS:  True
DEFAULT SYNC:  SynchronizationType.NONE
workers, n, task_time, accesses, frac, total_time
1, 8, 64000, 5, 0.0125, 49.223356084898114
Running script script.py with arguments: -workers 2 -sleep 1 -strong 0 -steps 8 -isync 0 -restrict 0 -t 64000 -deps 1 -frac 0.0125 -accesses 5
Saving output to: output/_workers_2__sleep_1__strong_0__steps_8__isync_0__restrict_0__t_64000__deps_1__frac_0.0125__accesses_5.txt
USE_PYTHON_RUNAHEAD:  False
CUPY_ENABLED:  True
CROSSPY_ENABLED:  False
PREINIT_THREADS:  True
DEFAULT SYNC:  SynchronizationType.NONE
workers, n, task_time, accesses, frac, total_time
2, 8, 64000, 5, 0.0125, 24.6958928713575
Running script script.py with arguments: -workers 4 -sleep 1 -strong 0 -steps 8 -isync 0 -restrict 0 -t 64000 -deps 1 -frac 0.0125 -accesses 5
Saving output to: output/_workers_4__sleep_1__strong_0__steps_8__isync_0__restrict_0__t_64000__deps_1__frac_0.0125__accesses_5.txt
USE_PYTHON_RUNAHEAD:  False
CUPY_ENABLED:  True
CROSSPY_ENABLED:  False
PREINIT_THREADS:  True
DEFAULT SYNC:  SynchronizationType.NONE
workers, n, task_time, accesses, frac, total_time
4, 8, 64000, 5, 0.0125, 12.404334841296077
Running script script.py with arguments: -workers 8 -sleep 1 -strong 0 -steps 8 -isync 0 -restrict 0 -t 64000 -deps 1 -frac 0.0125 -accesses 5
Saving output to: output/_workers_8__sleep_1__strong_0__steps_8__isync_0__restrict_0__t_64000__deps_1__frac_0.0125__accesses_5.txt
USE_PYTHON_RUNAHEAD:  False
CUPY_ENABLED:  True
CROSSPY_ENABLED:  False
PREINIT_THREADS:  True
DEFAULT SYNC:  SynchronizationType.NONE
workers, n, task_time, accesses, frac, total_time
8, 8, 64000, 5, 0.0125, 6.221310827881098
Running script script.py with arguments: -workers 15 -sleep 1 -strong 0 -steps 8 -isync 0 -restrict 0 -t 64000 -deps 1 -frac 0.0125 -accesses 5
Saving output to: output/_workers_15__sleep_1__strong_0__steps_8__isync_0__restrict_0__t_64000__deps_1__frac_0.0125__accesses_5.txt
USE_PYTHON_RUNAHEAD:  False
CUPY_ENABLED:  True
CROSSPY_ENABLED:  False
PREINIT_THREADS:  True
DEFAULT SYNC:  SynchronizationType.NONE
workers, n, task_time, accesses, frac, total_time
15, 8, 64000, 5, 0.0125, 3.3780851243063807
